\BOOKMARK [1][-]{section.1}{\376\377\000F\000u\000n\000k\001\015\000n\000\355\000\040\000p\001\131\000e\000h\000l\000e\000d\000\040\000w\000e\000b\000u}{}% 1
\BOOKMARK [2][-]{subsection.1.1}{\376\377\000O\000\040\000p\000r\000o\000j\000e\000k\000t\000u}{section.1}% 2
\BOOKMARK [2][-]{subsection.1.2}{\376\377\000A\000k\000t\000u\000a\000l\000i\000t\000y}{section.1}% 3
\BOOKMARK [2][-]{subsection.1.3}{\376\377\000K\000a\000l\000e\000n\000d\000\341\001\131\000\040\000a\000k\000c\000\355}{section.1}% 4
\BOOKMARK [2][-]{subsection.1.4}{\376\377\000K\000e\000\040\000s\000t\000a\001\176\000e\000n\000\355}{section.1}% 5
\BOOKMARK [2][-]{subsection.1.5}{\376\377\000K\000o\000n\000t\000a\000k\000t\000y\000\040\000a\000\040\000p\000a\000r\000t\000n\000e\001\131\000i}{section.1}% 6
\BOOKMARK [2][-]{subsection.1.6}{\376\377\000J\000a\000z\000y\000k\000y\000\040\000a\000\040\000s\000d\000\355\000l\000e\000n\000\355}{section.1}% 7
\BOOKMARK [2][-]{subsection.1.7}{\376\377\000C\000o\000o\000k\000i\000e\000s\000\040\000a\000\040\000t\000i\000s\000k}{section.1}% 8
\BOOKMARK [1][-]{section.2}{\376\377\000T\000e\000c\000h\000n\000i\000c\000k\000\351\000\040\001\131\000e\001\141\000e\000n\000\355\000\040\000w\000e\000b\000u}{}% 9
\BOOKMARK [1][-]{section.3}{\376\377\000W\000o\000r\000d\000p\000r\000e\000s\000s}{}% 10
\BOOKMARK [2][-]{subsection.3.1}{\376\377\000S\000p\000r\000\341\000v\000a\000\040\000\372\001\015\000t\001\157\000\040\000a\000\040\000o\000p\000r\000\341\000v\000n\001\033\000n\000\355}{section.3}% 11
\BOOKMARK [2][-]{subsection.3.2}{\376\377\000S\000y\000s\000t\000\351\000m\000o\000v\000\351\000\040\000r\000o\000l\000e}{section.3}% 12
\BOOKMARK [2][-]{subsection.3.3}{\376\377\000A\000k\000t\000u\000a\000l\000i\000z\000a\000c\000e\000\040\000W\000o\000r\000d\000P\000r\000e\000s\000s\000u\000\040\000a\000\040\000p\000l\000u\000g\000i\000n\001\157}{section.3}% 13
\BOOKMARK [2][-]{subsection.3.4}{\376\377\000A\000k\000t\000u\000a\000l\000i\000z\000a\000c\000e\000\040\000p\000l\000u\000g\000i\000n\001\157}{section.3}% 14
\BOOKMARK [2][-]{subsection.3.5}{\376\377\000Z\000\341\000l\000o\000h\000o\000v\000\341\000n\000\355}{section.3}% 15
\BOOKMARK [2][-]{subsection.3.6}{\376\377\000P\000o\000u\001\176\000i\000t\000\351\000\040\000p\000l\000u\000g\000i\000n\000y}{section.3}% 16
\BOOKMARK [2][-]{subsection.3.7}{\376\377\000V\000y\000m\000a\000z\000\341\000n\000\355\000\040\000c\000a\000c\000h\000e}{section.3}% 17
\BOOKMARK [1][-]{section.4}{\376\377\000R\000e\000d\000a\000k\001\015\000n\000\355\000\040\000I\000S}{}% 18
\BOOKMARK [2][-]{subsection.4.1}{\376\377\000A\000u\000t\000o\000r\000i\000z\000a\000c\000e}{section.4}% 19
\BOOKMARK [2][-]{subsection.4.2}{\376\377\000V\000y\000t\000v\000o\001\131\000e\000n\000\355\000\040\000p\001\131\000\355\000s\000p\001\033\000v\000k\000u}{section.4}% 20
\BOOKMARK [2][-]{subsection.4.3}{\376\377\000E\000d\000i\000t\000a\000c\000e\000\040\000p\001\131\000\355\000s\000p\001\033\000v\000k\001\157\000\040\000a\000\040\000l\000o\000k\000a\000l\000i\000z\000a\000c\000e}{section.4}% 21
\BOOKMARK [2][-]{subsection.4.4}{\376\377\000S\000o\000u\000b\000o\000r\000y}{section.4}% 22
\BOOKMARK [2][-]{subsection.4.5}{\376\377\000S\000p\000r\000\341\000v\000a\000\040\000u\000d\000\341\000l\000o\000s\000t\000\355\000\040\040\023\000\040\000p\000l\000u\000g\000i\000n\000\040\000M\000y\000\040\000C\000a\000l\000e\000n\000d\000a\000r}{section.4}% 23
\BOOKMARK [3][-]{subsubsection.4.5.1}{\376\377\000P\001\131\000i\000d\000\341\000n\000\355\000\040\000n\000o\000v\000\351\000\040\000u\000d\000\341\000l\000o\000s\000t\000i}{subsection.4.5}% 24
\BOOKMARK [3][-]{subsubsection.4.5.2}{\376\377\000\332\000p\000r\000a\000v\000a\000\040\000n\000e\000b\000o\000\040\000s\000m\000a\000z\000\341\000n\000\355\000\040\000u\000d\000\341\000l\000o\000s\000t\000i}{subsection.4.5}% 25
\BOOKMARK [3][-]{subsubsection.4.5.3}{\376\377\000P\001\131\000i\000d\000\341\000n\000\355\000\040\000m\000\355\000s\000t\000a\000\040\000k\000o\000n\000\341\000n\000\355\000\040\000v\000\040\000M\000y\000\040\000C\000a\000l\000e\000n\000d\000a\000r}{subsection.4.5}% 26
\BOOKMARK [3][-]{subsubsection.4.5.4}{\376\377\000Z\000o\000b\000r\000a\000z\000e\000n\000\355\000\040\000u\000d\000\341\000l\000o\000s\000t\000\355\000\040\000n\000a\000\040\000w\000e\000b\000u}{subsection.4.5}% 27
\BOOKMARK [3][-]{subsubsection.4.5.5}{\376\377\000D\000o\000p\000o\000r\000u\001\015\000e\000n\000\341\000\040\000p\000r\000a\000x\000e}{subsection.4.5}% 28
